=========================
Fcitx 5.0.8 -- Get Signal No.: 6
Date: try "date -d @1622690379" if you are using GNU date ***
ProcessID: 130580
/usr/bin/fcitx5(+0xbdae)[0x5559ed73cdae]
/usr/lib/libc.so.6(+0x3cda0)[0x7f9d7c185da0]
/usr/lib/libc.so.6(gsignal+0x142)[0x7f9d7c185d22]
/usr/lib/libc.so.6(abort+0x116)[0x7f9d7c16f862]
/usr/lib/libsystemd.so.0(+0x79b94)[0x7f9d7c08fb94]
/usr/lib/libsystemd.so.0(+0x3a52b)[0x7f9d7c05052b]
/usr/lib/libsystemd.so.0(+0x3e4c7)[0x7f9d7c0544c7]
/usr/lib/libsystemd.so.0(+0x4af54)[0x7f9d7c060f54]
/usr/lib/libsystemd.so.0(+0x6ebf9)[0x7f9d7c084bf9]
/usr/lib/libsystemd.so.0(sd_event_dispatch+0x186)[0x7f9d7c08d3a6]
/usr/lib/libsystemd.so.0(sd_event_run+0xc9)[0x7f9d7c08e849]
/usr/lib/libsystemd.so.0(sd_event_loop+0x50)[0x7f9d7c08ea60]
/usr/lib/libFcitx5Utils.so.2(_ZN5fcitx9EventLoop4execEv+0x12)[0x7f9d7c5cef32]
/usr/lib/libFcitx5Core.so.7(_ZN5fcitx8Instance4execEv+0x57)[0x7f9d7c69c4a7]
/usr/bin/fcitx5(+0xaa92)[0x5559ed73ba92]
/usr/lib/libc.so.6(__libc_start_main+0xd5)[0x7f9d7c170b25]
/usr/bin/fcitx5(+0xb01e)[0x5559ed73c01e]
